<?xml version="1.0" encoding="UTF-8"?>
<!-- Generated by org.testng.reporters.JUnitXMLReporter -->
<testsuite hostname="DESKTOP-QOPOM1B" ignored="0" name="Surefire test" tests="2" failures="1" timestamp="08 mar 2020 19:42:32 GMT" time="55.344" errors="0">
  <testcase name="calcularCreditoVivienda" time="18.712" classname="com.tyba.metrocuadrado.test.TestCalcularCreditoHipotecario"/>
  <testcase name="verificareEstimacionCredito" time="0.658" classname="com.tyba.metrocuadrado.test.TestCalcularCreditoHipotecario">
    <failure type="java.lang.AssertionError" message="expected [ 2500000] but found [2500000]">
      <![CDATA[java.lang.AssertionError: expected [ 2500000] but found [2500000]
	at com.tyba.metrocuadrado.test.TestCalcularCreditoHipotecario.verificareEstimacionCredito(TestCalcularCreditoHipotecario.java:41)
... Removed 36 stack frames]]>
    </failure>
  </testcase> <!-- verificareEstimacionCredito -->
</testsuite> <!-- Surefire test -->
